[23:01:58] [ServerMain/INFO]: Environment: Environment[sessionHost=https://sessionserver.mojang.com, servicesHost=https://api.minecraftservices.com, name=PROD]
[23:02:00] [ServerMain/INFO]: Loaded 1174 recipes
[23:02:00] [ServerMain/INFO]: Loaded 1280 advancements
[23:02:01] [Server thread/INFO]: Starting minecraft server version 1.20.4
[23:02:01] [Server thread/INFO]: Loading properties
[23:02:01] [Server thread/INFO]: This server is running Paper version git-Paper-447 (MC: 1.20.4) (Implementing API version 1.20.4-R0.1-SNAPSHOT) (Git: 0052e2d)
[23:02:02] [Server thread/INFO]: Server Ping Player Sample Count: 12
[23:02:02] [Server thread/INFO]: Using 4 threads for Netty based IO
[23:02:02] [Server thread/WARN]: [!] The timings profiler has been enabled but has been scheduled for removal from Paper in the future.
    We recommend installing the spark profiler as a replacement: https://spark.lucko.me/
    For more information please visit: https://github.com/PaperMC/Paper/issues/8948
[23:02:02] [Server thread/INFO]: [ChunkTaskScheduler] Chunk system is using 1 I/O threads, 1 worker threads, and gen parallelism of 1 threads
[23:02:02] [Server thread/INFO]: Default game type: SURVIVAL
[23:02:02] [Server thread/INFO]: Generating keypair
[23:02:02] [Server thread/INFO]: Starting Minecraft server on *:25565
[23:02:02] [Server thread/INFO]: Using epoll channel type
[23:02:02] [Server thread/INFO]: Paper: Using libdeflate (Linux x86_64) compression from Velocity.
[23:02:02] [Server thread/INFO]: Paper: Using OpenSSL 1.1.x (Linux x86_64) cipher from Velocity.
[23:02:03] [Server thread/INFO]: [playit-gg] Loading server plugin playit-gg v0.1.4
[23:02:03] [Server thread/INFO]: Server permissions file permissions.yml is empty, ignoring it
[23:02:03] [Server thread/INFO]: Preparing level "world"
[23:02:03] [Server thread/INFO]: Preparing start region for dimension minecraft:overworld
[23:02:03] [Server thread/INFO]: Time elapsed: 272 ms
[23:02:03] [Server thread/INFO]: Preparing start region for dimension minecraft:the_nether
[23:02:04] [Server thread/INFO]: Time elapsed: 178 ms
[23:02:04] [Server thread/INFO]: Preparing start region for dimension minecraft:the_end
[23:02:04] [Server thread/INFO]: Time elapsed: 92 ms
[23:02:04] [Server thread/INFO]: [playit-gg] Enabling playit-gg v0.1.4
[23:02:05] [Thread-7/INFO]: [gg.playit.minecraft.PlayitKeysSetup] secret key found, checking
[23:02:05] [Thread-7/INFO]: [gg.playit.minecraft.PlayitKeysSetup] check secret
[23:02:05] [Server thread/INFO]: Running delayed init tasks
[23:02:05] [Server thread/INFO]: Done (4.167s)! For help, type "help"
[23:02:05] [Server thread/INFO]: Timings Reset
[23:02:06] [Thread-7/INFO]: [gg.playit.minecraft.PlayitKeysSetup] found minecraft java tunnel: q-mechanics.joinmc.link
[23:02:06] [Thread-7/INFO]: [gg.playit.minecraft.PlayitManager] keys and tunnel setup
[23:02:06] [Thread-7/INFO]: playit.gg: WARNING:  plugin is running with a guest account
[23:02:06] [Thread-7/INFO]: playit.gg: see server console for setup URL
[23:02:06] [Thread-7/INFO]: [gg.playit.minecraft.PlayitManager] setup playit.gg account: https://playit.gg/login/guest-account/000100000000000000000007300565ea476e01000000000276e88e36a8dec393a2d3b8e760e25c246a55718d8d2fcf7f831d655fe9a9aa45
[23:02:06] [Thread-7/INFO]: playit.gg: tunnel setup
[23:02:06] [Thread-7/INFO]: playit.gg: q-mechanics.joinmc.link
[23:02:06] [Thread-7/WARN]: [gg.playit.control.ChannelSetup] Got IO error working with :control.playit.gg/2602:fbaf:814:0:0:0:0:1, error : java.net.SocketException: Network is unreachable
[23:02:06] [Thread-7/INFO]: [gg.playit.control.ChannelSetup] request queued, waiting 1 second before resend
[23:02:07] [Thread-7/INFO]: [gg.playit.control.ChannelSetup] request queued, waiting 1 second before resend
[23:02:15] [Thread-7/INFO]: [gg.playit.minecraft.PlayitManager] got new client: NewClient{connectAddr=209.25.140.181:61857, peerAddr=98.206.84.136:64394, claimAddress=209.25.140.2:43784, claimToken=[44, 0, 60, -47, 25, -116, -75, -15, -95, 98, -50, 84, -120, -5, -118, 99, -35, 59, -77, -85, 8, 101, -22, 71, 119, 0, 0, 0, 0, 0, 7, 48, 5, 0, 0, 0, 0, 0, 47, 13, 27, 69, -77, -85, 8, 0, 0, 0, 0, 3, 0, 0, 0, 0, 0, 0, 0, 2, 0, 1, -99, 100, 28, -41, -83, -65, -67, -101, 74, -92, -32, -18, -108, 78, -66, 31], tunnelServerId=2, dataCenterId=3}
[23:02:15] [Thread-7/INFO]: [gg.playit.minecraft.PlayitManager] starting tcp tunnel for client
[23:02:15] [Thread-7/INFO]: [gg.playit.minecraft.PlayitTcpTunnel] start connection to /209.25.140.2:43784 to claim client
[23:02:15] [nioEventLoopGroup-2-1/INFO]: [gg.playit.minecraft.PlayitTcpTunnel] connected to tunnel server, sending claim token
[23:02:15] [nioEventLoopGroup-2-1/INFO]: [gg.playit.minecraft.PlayitTcpTunnel] claim token sent
[23:02:15] [nioEventLoopGroup-2-1/INFO]: [gg.playit.minecraft.PlayitTcpTunnel] connection to tunnel server has been established
[23:02:15] [nioEventLoopGroup-2-1/INFO]: [gg.playit.minecraft.PlayitTcpTunnel] Reflect: ReflectionHelper{ServerConnection=class net.minecraft.server.network.ServerConnection, LegacyPingHandler=class net.minecraft.server.network.LegacyPingHandler, MinecraftServer=class net.minecraft.server.MinecraftServer, PacketSplitter=class net.minecraft.network.PacketSplitter, PacketDecoder=class net.minecraft.network.PacketDecoder, EnumProtocolDirection=class net.minecraft.network.protocol.EnumProtocolDirection, PacketPrepender=class net.minecraft.network.PacketPrepender, PacketEncoder=class net.minecraft.network.PacketEncoder, NetworkManagerServer=class net.minecraft.network.NetworkManagerServer, NetworkManager=class net.minecraft.network.NetworkManager, HandshakeListener=class net.minecraft.server.network.HandshakeListener, PacketListener=interface net.minecraft.network.PacketListener, CraftServer=null}
[23:02:15] [nioEventLoopGroup-2-1/INFO]: [gg.playit.minecraft.PlayitTcpTunnel] failed to get Minecraft server from Bukkit.getServer()
[23:02:15] [nioEventLoopGroup-2-1/INFO]: [gg.playit.minecraft.PlayitTcpTunnel] connecting to minecraft server at localhost/127.0.0.1:25565
[23:02:15] [nioEventLoopGroup-2-2/INFO]: [gg.playit.minecraft.PlayitTcpTunnel] connected to local minecraft server
[23:02:17] [Thread-7/INFO]: [gg.playit.minecraft.PlayitManager] got new client: NewClient{connectAddr=209.25.140.181:61857, peerAddr=98.206.84.136:64396, claimAddress=209.25.140.2:43784, claimToken=[44, 0, 60, -47, 25, -116, -75, -15, -95, 98, -50, 84, -120, -5, -116, -82, -75, -2, 42, -85, 8, 101, -22, 71, 121, 0, 0, 0, 0, 0, 7, 48, 5, 0, 0, 0, 0, 0, 47, 13, 27, -113, 42, -85, 8, 0, 0, 0, 0, 3, 0, 0, 0, 0, 0, 0, 0, 1, 0, 1, 85, -97, 19, 75, -16, -16, 95, 94, -125, -94, -78, -102, -114, 41, 56, 12], tunnelServerId=1, dataCenterId=3}
[23:02:17] [Thread-7/INFO]: [gg.playit.minecraft.PlayitManager] starting tcp tunnel for client
[23:02:17] [Thread-7/INFO]: [gg.playit.minecraft.PlayitTcpTunnel] start connection to /209.25.140.2:43784 to claim client
[23:02:17] [nioEventLoopGroup-2-3/INFO]: [gg.playit.minecraft.PlayitTcpTunnel] connected to tunnel server, sending claim token
[23:02:17] [nioEventLoopGroup-2-3/INFO]: [gg.playit.minecraft.PlayitTcpTunnel] claim token sent
[23:02:17] [nioEventLoopGroup-2-3/INFO]: [gg.playit.minecraft.PlayitTcpTunnel] connection to tunnel server has been established
[23:02:17] [nioEventLoopGroup-2-3/INFO]: [gg.playit.minecraft.PlayitTcpTunnel] Reflect: ReflectionHelper{ServerConnection=class net.minecraft.server.network.ServerConnection, LegacyPingHandler=class net.minecraft.server.network.LegacyPingHandler, MinecraftServer=class net.minecraft.server.MinecraftServer, PacketSplitter=class net.minecraft.network.PacketSplitter, PacketDecoder=class net.minecraft.network.PacketDecoder, EnumProtocolDirection=class net.minecraft.network.protocol.EnumProtocolDirection, PacketPrepender=class net.minecraft.network.PacketPrepender, PacketEncoder=class net.minecraft.network.PacketEncoder, NetworkManagerServer=class net.minecraft.network.NetworkManagerServer, NetworkManager=class net.minecraft.network.NetworkManager, HandshakeListener=class net.minecraft.server.network.HandshakeListener, PacketListener=interface net.minecraft.network.PacketListener, CraftServer=null}
[23:02:17] [nioEventLoopGroup-2-3/INFO]: [gg.playit.minecraft.PlayitTcpTunnel] failed to get Minecraft server from Bukkit.getServer()
[23:02:17] [nioEventLoopGroup-2-3/INFO]: [gg.playit.minecraft.PlayitTcpTunnel] connecting to minecraft server at localhost/127.0.0.1:25565
[23:02:17] [nioEventLoopGroup-2-4/INFO]: [gg.playit.minecraft.PlayitTcpTunnel] connected to local minecraft server
[23:02:18] [User Authenticator #0/INFO]: UUID of player JavsElCrack is e7ec2548-e02e-4cdb-bd4f-41179825e2a5
[23:02:18] [Server thread/INFO]: JavsElCrack joined the game
[23:02:18] [Server thread/INFO]: JavsElCrack[/127.0.0.1:34878] logged in with entity id 189 at ([world]23.444088218259605, 79.0, -0.8764614500079613)
[23:04:32] [nioEventLoopGroup-2-3/WARN]: [gg.playit.minecraft.PlayitTcpTunnel] failed to send data to tunnel
[23:04:32] [Server thread/INFO]: JavsElCrack lost connection: Disconnected
[23:04:32] [Server thread/INFO]: JavsElCrack left the game
[23:04:33] [Thread-7/INFO]: [gg.playit.minecraft.PlayitManager] got new client: NewClient{connectAddr=209.25.140.181:61857, peerAddr=98.206.84.136:64406, claimAddress=209.25.140.2:43784, claimToken=[44, 0, 60, -47, 25, -116, -75, -15, -95, 98, -50, 84, -120, -5, -106, -19, -46, -70, 32, -85, 8, 101, -22, 72, 1, 0, 0, 0, 0, 0, 7, 48, 5, 0, 0, 0, 0, 0, 47, 13, 27, 99, 32, -85, 8, 0, 0, 0, 0, 3, 0, 0, 0, 0, 0, 0, 0, 2, 0, 1, 101, 82, -60, 9, -72, 48, 25, -43, -79, 5, -110, -11, 53, 97, 23, 0], tunnelServerId=2, dataCenterId=3}
[23:04:33] [Thread-7/INFO]: [gg.playit.minecraft.PlayitManager] starting tcp tunnel for client
[23:04:33] [Thread-7/INFO]: [gg.playit.minecraft.PlayitTcpTunnel] start connection to /209.25.140.2:43784 to claim client
[23:04:33] [nioEventLoopGroup-2-1/INFO]: [gg.playit.minecraft.PlayitTcpTunnel] connected to tunnel server, sending claim token
[23:04:33] [nioEventLoopGroup-2-1/INFO]: [gg.playit.minecraft.PlayitTcpTunnel] claim token sent
[23:04:33] [nioEventLoopGroup-2-1/INFO]: [gg.playit.minecraft.PlayitTcpTunnel] connection to tunnel server has been established
[23:04:33] [nioEventLoopGroup-2-1/INFO]: [gg.playit.minecraft.PlayitTcpTunnel] Reflect: ReflectionHelper{ServerConnection=class net.minecraft.server.network.ServerConnection, LegacyPingHandler=class net.minecraft.server.network.LegacyPingHandler, MinecraftServer=class net.minecraft.server.MinecraftServer, PacketSplitter=class net.minecraft.network.PacketSplitter, PacketDecoder=class net.minecraft.network.PacketDecoder, EnumProtocolDirection=class net.minecraft.network.protocol.EnumProtocolDirection, PacketPrepender=class net.minecraft.network.PacketPrepender, PacketEncoder=class net.minecraft.network.PacketEncoder, NetworkManagerServer=class net.minecraft.network.NetworkManagerServer, NetworkManager=class net.minecraft.network.NetworkManager, HandshakeListener=class net.minecraft.server.network.HandshakeListener, PacketListener=interface net.minecraft.network.PacketListener, CraftServer=null}
[23:04:33] [nioEventLoopGroup-2-1/INFO]: [gg.playit.minecraft.PlayitTcpTunnel] failed to get Minecraft server from Bukkit.getServer()
[23:04:33] [nioEventLoopGroup-2-1/INFO]: [gg.playit.minecraft.PlayitTcpTunnel] connecting to minecraft server at localhost/127.0.0.1:25565
[23:04:33] [nioEventLoopGroup-2-2/INFO]: [gg.playit.minecraft.PlayitTcpTunnel] connected to local minecraft server
[23:05:46] [Thread-7/INFO]: [gg.playit.minecraft.PlayitManager] got new client: NewClient{connectAddr=209.25.140.181:61857, peerAddr=98.206.84.136:64445, claimAddress=209.25.140.2:43784, claimToken=[44, 0, 60, -47, 25, -116, -75, -15, -95, 98, -50, 84, -120, -5, -67, -47, 55, -49, 73, -85, 8, 101, -22, 72, 74, 0, 0, 0, 0, 0, 7, 48, 5, 0, 0, 0, 0, 0, 47, 13, 27, 70, 73, -85, 8, 0, 0, 0, 0, 3, 0, 0, 0, 0, 0, 0, 0, 2, 0, 1, -105, -81, -22, 68, -20, 40, -29, 15, 116, -15, 7, 73, -40, -9, 124, 69], tunnelServerId=2, dataCenterId=3}
[23:05:46] [Thread-7/INFO]: [gg.playit.minecraft.PlayitManager] starting tcp tunnel for client
[23:05:46] [Thread-7/INFO]: [gg.playit.minecraft.PlayitTcpTunnel] start connection to /209.25.140.2:43784 to claim client
[23:05:46] [nioEventLoopGroup-2-3/INFO]: [gg.playit.minecraft.PlayitTcpTunnel] connected to tunnel server, sending claim token
[23:05:46] [nioEventLoopGroup-2-3/INFO]: [gg.playit.minecraft.PlayitTcpTunnel] claim token sent
[23:05:46] [nioEventLoopGroup-2-3/INFO]: [gg.playit.minecraft.PlayitTcpTunnel] connection to tunnel server has been established
[23:05:46] [nioEventLoopGroup-2-3/INFO]: [gg.playit.minecraft.PlayitTcpTunnel] Reflect: ReflectionHelper{ServerConnection=class net.minecraft.server.network.ServerConnection, LegacyPingHandler=class net.minecraft.server.network.LegacyPingHandler, MinecraftServer=class net.minecraft.server.MinecraftServer, PacketSplitter=class net.minecraft.network.PacketSplitter, PacketDecoder=class net.minecraft.network.PacketDecoder, EnumProtocolDirection=class net.minecraft.network.protocol.EnumProtocolDirection, PacketPrepender=class net.minecraft.network.PacketPrepender, PacketEncoder=class net.minecraft.network.PacketEncoder, NetworkManagerServer=class net.minecraft.network.NetworkManagerServer, NetworkManager=class net.minecraft.network.NetworkManager, HandshakeListener=class net.minecraft.server.network.HandshakeListener, PacketListener=interface net.minecraft.network.PacketListener, CraftServer=null}
[23:05:46] [nioEventLoopGroup-2-3/INFO]: [gg.playit.minecraft.PlayitTcpTunnel] failed to get Minecraft server from Bukkit.getServer()
[23:05:46] [nioEventLoopGroup-2-3/INFO]: [gg.playit.minecraft.PlayitTcpTunnel] connecting to minecraft server at localhost/127.0.0.1:25565
[23:05:46] [nioEventLoopGroup-2-4/INFO]: [gg.playit.minecraft.PlayitTcpTunnel] connected to local minecraft server
[23:06:10] [Thread-7/INFO]: [gg.playit.control.ChannelSetup] send keep alive
[23:10:11] [Thread-7/INFO]: [gg.playit.control.ChannelSetup] send keep alive
[23:12:57] [Thread-7/INFO]: [gg.playit.minecraft.PlayitManager] got new client: NewClient{connectAddr=209.25.140.181:61857, peerAddr=98.206.84.136:64518, claimAddress=209.25.140.2:43784, claimToken=[44, 0, 60, -47, 25, -116, -75, -15, -95, 98, -50, 84, -120, -4, 6, -122, -29, 111, 11, -85, 8, 101, -22, 73, -7, 0, 0, 0, 0, 0, 7, 48, 5, 0, 0, 0, 0, 0, 47, 13, 27, -13, 11, -85, 8, 0, 0, 0, 0, 3, 0, 0, 0, 0, 0, 0, 0, 2, 0, 1, -64, -93, -72, -89, 24, 92, 109, 67, 43, -89, 127, -85, 6, 63, -51, 117], tunnelServerId=2, dataCenterId=3}
[23:12:57] [Thread-7/INFO]: [gg.playit.minecraft.PlayitManager] starting tcp tunnel for client
[23:12:57] [Thread-7/INFO]: [gg.playit.minecraft.PlayitTcpTunnel] start connection to /209.25.140.2:43784 to claim client
[23:12:57] [nioEventLoopGroup-2-1/INFO]: [gg.playit.minecraft.PlayitTcpTunnel] connected to tunnel server, sending claim token
[23:12:57] [nioEventLoopGroup-2-1/INFO]: [gg.playit.minecraft.PlayitTcpTunnel] claim token sent
[23:12:57] [nioEventLoopGroup-2-1/INFO]: [gg.playit.minecraft.PlayitTcpTunnel] connection to tunnel server has been established
[23:12:57] [nioEventLoopGroup-2-1/INFO]: [gg.playit.minecraft.PlayitTcpTunnel] Reflect: ReflectionHelper{ServerConnection=class net.minecraft.server.network.ServerConnection, LegacyPingHandler=class net.minecraft.server.network.LegacyPingHandler, MinecraftServer=class net.minecraft.server.MinecraftServer, PacketSplitter=class net.minecraft.network.PacketSplitter, PacketDecoder=class net.minecraft.network.PacketDecoder, EnumProtocolDirection=class net.minecraft.network.protocol.EnumProtocolDirection, PacketPrepender=class net.minecraft.network.PacketPrepender, PacketEncoder=class net.minecraft.network.PacketEncoder, NetworkManagerServer=class net.minecraft.network.NetworkManagerServer, NetworkManager=class net.minecraft.network.NetworkManager, HandshakeListener=class net.minecraft.server.network.HandshakeListener, PacketListener=interface net.minecraft.network.PacketListener, CraftServer=null}
[23:12:57] [nioEventLoopGroup-2-1/INFO]: [gg.playit.minecraft.PlayitTcpTunnel] failed to get Minecraft server from Bukkit.getServer()
[23:12:57] [nioEventLoopGroup-2-1/INFO]: [gg.playit.minecraft.PlayitTcpTunnel] connecting to minecraft server at localhost/127.0.0.1:25565
[23:12:57] [nioEventLoopGroup-2-2/INFO]: [gg.playit.minecraft.PlayitTcpTunnel] connected to local minecraft server
[23:14:12] [Thread-7/INFO]: [gg.playit.control.ChannelSetup] send keep alive
[23:16:17] [Server console handler/ERROR]: Caught previously unhandled exception :
java.io.IOError: java.io.IOException: Input/output error
	at org.jline.keymap.BindingReader.readCharacter(BindingReader.java:170) ~[jline-reader-3.20.0.jar:?]
	at org.jline.keymap.BindingReader.readBinding(BindingReader.java:110) ~[jline-reader-3.20.0.jar:?]
	at org.jline.keymap.BindingReader.readBinding(BindingReader.java:61) ~[jline-reader-3.20.0.jar:?]
	at org.jline.reader.impl.LineReaderImpl.doReadBinding(LineReaderImpl.java:923) ~[jline-reader-3.20.0.jar:?]
	at org.jline.reader.impl.LineReaderImpl.readBinding(LineReaderImpl.java:956) ~[jline-reader-3.20.0.jar:?]
	at org.jline.reader.impl.LineReaderImpl.readLine(LineReaderImpl.java:651) ~[jline-reader-3.20.0.jar:?]
	at org.jline.reader.impl.LineReaderImpl.readLine(LineReaderImpl.java:468) ~[jline-reader-3.20.0.jar:?]
	at net.minecrell.terminalconsole.SimpleTerminalConsole.readCommands(SimpleTerminalConsole.java:158) ~[terminalconsoleappender-1.3.0.jar:?]
	at net.minecrell.terminalconsole.SimpleTerminalConsole.start(SimpleTerminalConsole.java:141) ~[terminalconsoleappender-1.3.0.jar:?]
	at net.minecraft.server.dedicated.DedicatedServer$1.run(DedicatedServer.java:102) ~[paper-1.20.4.jar:git-Paper-447]
Caused by: java.io.IOException: Input/output error
	at java.io.FileInputStream.read0(Native Method) ~[?:?]
	at java.io.FileInputStream.read(FileInputStream.java:231) ~[?:?]
	at org.jline.terminal.impl.AbstractPty$PtyInputStream.read(AbstractPty.java:73) ~[jline-terminal-3.21.0.jar:?]
	at org.jline.utils.NonBlockingInputStream.read(NonBlockingInputStream.java:62) ~[jline-terminal-3.21.0.jar:?]
	at org.jline.utils.NonBlocking$NonBlockingInputStreamReader.read(NonBlocking.java:168) ~[jline-terminal-3.21.0.jar:?]
	at org.jline.utils.NonBlockingReader.read(NonBlockingReader.java:57) ~[jline-terminal-3.21.0.jar:?]
	at org.jline.keymap.BindingReader.readCharacter(BindingReader.java:160) ~[jline-reader-3.20.0.jar:?]
	... 9 more
[23:16:17] [Server thread/INFO]: Stopping server
[23:16:17] [Server thread/INFO]: [playit-gg] Disabling playit-gg v0.1.4
[23:16:17] [Server thread/INFO]: Saving players
[23:16:17] [Server thread/INFO]: Saving worlds
[23:16:17] [Server thread/INFO]: Saving chunks for level 'ServerLevel[world]'/minecraft:overworld
[23:16:17] [Server thread/INFO]: [ChunkHolderManager] Waiting 60s for chunk system to halt for world 'world'
[23:16:17] [Server thread/INFO]: [ChunkHolderManager] Halted chunk system for world 'world'
[23:16:17] [Server thread/INFO]: [ChunkHolderManager] Saving all chunkholders for world 'world'
[23:16:17] [Server thread/INFO]: [ChunkHolderManager] Saved 2 block chunks, 107 entity chunks, 0 poi chunks in world 'world' in 0.10s
[23:16:17] [Server thread/INFO]: ThreadedAnvilChunkStorage (world): All chunks are saved
[23:16:17] [Server thread/INFO]: Saving chunks for level 'ServerLevel[world_nether]'/minecraft:the_nether
[23:16:17] [Server thread/INFO]: [ChunkHolderManager] Waiting 60s for chunk system to halt for world 'world_nether'
[23:16:17] [Server thread/INFO]: [ChunkHolderManager] Halted chunk system for world 'world_nether'
[23:16:17] [Server thread/INFO]: [ChunkHolderManager] Saving all chunkholders for world 'world_nether'
[23:16:17] [Server thread/INFO]: [ChunkHolderManager] Saved 0 block chunks, 20 entity chunks, 0 poi chunks in world 'world_nether' in 0.01s
[23:16:17] [Server thread/INFO]: ThreadedAnvilChunkStorage (DIM-1): All chunks are saved
[23:16:17] [Server thread/INFO]: Saving chunks for level 'ServerLevel[world_the_end]'/minecraft:the_end
[23:16:17] [Server thread/INFO]: [ChunkHolderManager] Waiting 60s for chunk system to halt for world 'world_the_end'
[23:16:17] [Server thread/INFO]: [ChunkHolderManager] Halted chunk system for world 'world_the_end'
[23:16:17] [Server thread/INFO]: [ChunkHolderManager] Saving all chunkholders for world 'world_the_end'
[23:16:17] [Server thread/INFO]: [ChunkHolderManager] Saved 0 block chunks, 10 entity chunks, 0 poi chunks in world 'world_the_end' in 0.01s
[23:16:17] [Server thread/INFO]: ThreadedAnvilChunkStorage (DIM1): All chunks are saved
[23:16:17] [Server thread/INFO]: ThreadedAnvilChunkStorage: All dimensions are saved
[23:16:17] [Server thread/INFO]: Flushing Chunk IO
[23:16:17] [Server thread/INFO]: Closing Thread Pool
[23:16:17] [Server thread/INFO]: Closing Server
